<!DOCTYPE html PUBLIC "-//W3C//DTD XHTML 1.1//EN" "https://www.w3.org/TR/xhtml11/DTD/xhtml11.dtd">
<html xmlns="https://www.w3.org/1999/xhtml">
<head>
<meta http-equiv="content-type" content="text/html; charset=UTF-8"/>
<title>TestNG Report</title>
<style type="text/css">table {margin-bottom:10px;border-collapse:collapse;empty-cells:show}th,td {border:1px solid #009;padding:.25em .5em}th {vertical-align:bottom}td {vertical-align:top}table a {font-weight:bold}.stripe td {background-color: #E6EBF9}.num {text-align:right}.passedodd td {background-color: #3F3}.passedeven td {background-color: #0A0}.skippedodd td {background-color: #DDD}.skippedeven td {background-color: #CCC}.failedodd td,.attn {background-color: #F33}.failedeven td,.stripe .attn {background-color: #D00}.stacktrace {white-space:pre;font-family:monospace}.totop {font-size:85%;text-align:center;border-bottom:2px solid #000}.invisible {display:none}</style>
</head>
<body>
<table>
<tr><th>Test</th><th># Passed</th><th># Skipped</th><th># Retried</th><th># Failed</th><th>Time (ms)</th><th>Included Groups</th><th>Excluded Groups</th></tr>
<tr><th colspan="8">My Extent Report Suite</th></tr>
<tr><td><a href="#t0">My Test</a></td><td class="num">30</td><td class="num">0</td><td class="num">0</td><td class="num attn">5</td><td class="num">391,237</td><td></td><td></td></tr>
</table>
<table id='summary'><thead><tr><th>Class</th><th>Method</th><th>Start</th><th>Time (ms)</th></tr></thead><tbody><tr><th colspan="4">My Extent Report Suite</th></tr></tbody><tbody id="t0"><tr><th colspan="4">My Test &#8212; failed</th></tr><tr class="failedeven"><td rowspan="3">testCases.LoginTestCase</td><td><a href="#m0">verifyLoggedUsersWithDataProvider</a></td><td rowspan="3">1672466407680</td><td rowspan="3">10596</td></tr><tr class="failedeven"><td><a href="#m1">verifyLoggedUsersWithDataProvider</a></td></tr><tr class="failedeven"><td><a href="#m2">verifyLoggedUsersWithDataProvider</a></td></tr><tr class="failedodd"><td rowspan="1">testCases.ManageLocationTestCases</td><td><a href="#m3">verifyTheNumberOfActiveStatus</a></td><td rowspan="1">1672466464804</td><td rowspan="1">1942</td></tr><tr class="failedeven"><td rowspan="1">testCases.ManageOrdersTestCases</td><td><a href="#m4">verifyOrderIdAndModeOfPayment</a></td><td rowspan="1">1672466592314</td><td rowspan="1">2308</td></tr><tr><th colspan="4">My Test &#8212; passed</th></tr><tr class="passedeven"><td rowspan="2">testCases.AdminUsersTestCases</td><td><a href="#m5">validateAdminProfileAlreadyExists</a></td><td rowspan="1">1672466731738</td><td rowspan="1">3957</td></tr><tr class="passedeven"><td><a href="#m6">validateAdminProfileWithFaker</a></td><td rowspan="1">1672466721596</td><td rowspan="1">6025</td></tr><tr class="passedodd"><td rowspan="3">testCases.DashboardTestCase</td><td><a href="#m7">homeTabStyleValidation</a></td><td rowspan="1">1672466453818</td><td rowspan="1">1226</td></tr><tr class="passedodd"><td><a href="#m8">verifyManageExpenseIsDisplayedCorrectly</a></td><td rowspan="1">1672466457973</td><td rowspan="1">900</td></tr><tr class="passedodd"><td><a href="#m9">verifyManageUsersIsDisplayedCorrectly</a></td><td rowspan="1">1672466461632</td><td rowspan="1">920</td></tr><tr class="passedeven"><td rowspan="5">testCases.LoginTestCase</td><td><a href="#m10">excelReadLogin</a></td><td rowspan="1">1672466364498</td><td rowspan="1">1004</td></tr><tr class="passedeven"><td><a href="#m11">profileNameStyleValidation</a></td><td rowspan="1">1672466367945</td><td rowspan="1">947</td></tr><tr class="passedeven"><td><a href="#m12">verifyLoggedUsers</a></td><td rowspan="1">1672466371093</td><td rowspan="1">850</td></tr><tr class="passedeven"><td><a href="#m13">verifyLoggedUsersWithDataProvider</a></td><td rowspan="1">1672466375364</td><td rowspan="1">1165</td></tr><tr class="passedeven"><td><a href="#m14">verifyRememberMeCheckBoxIsSelected</a></td><td rowspan="1">1672466433296</td><td rowspan="1">204</td></tr><tr class="passedodd"><td rowspan="5">testCases.ManageDeliveryBoyTestCases</td><td><a href="#m15">verifySearchButtonIsClickable</a></td><td rowspan="1">1672466523726</td><td rowspan="1">1751</td></tr><tr class="passedodd"><td><a href="#m16">verifySuccessfullDeletionOfDeliveryBoy</a></td><td rowspan="1">1672466551278</td><td rowspan="1">2697</td></tr><tr class="passedodd"><td><a href="#m17">verifySuccessfullRegistrationOfDeliveryBoy</a></td><td rowspan="1">1672466545735</td><td rowspan="1">3399</td></tr><tr class="passedodd"><td><a href="#m18">verifyTheStyleOfNewBtn</a></td><td rowspan="1">1672466514700</td><td rowspan="1">4543</td></tr><tr class="passedodd"><td><a href="#m19">verifyToolTipTextIsDisplayedCorrectly</a></td><td rowspan="1">1672466491026</td><td rowspan="1">4537</td></tr><tr class="passedeven"><td rowspan="1">testCases.ManageLocationTestCases</td><td><a href="#m20">verifyTheSelectedState</a></td><td rowspan="1">1672466485604</td><td rowspan="1">2954</td></tr><tr class="passedodd"><td rowspan="2">testCases.ManageOrdersTestCases</td><td><a href="#m21">verifyTheSizeOfStatusDropdown</a></td><td rowspan="1">1672466587526</td><td rowspan="1">2312</td></tr><tr class="passedodd"><td><a href="#m22">verifyThevaluesOfColumnpaymentModeIsBank</a></td><td rowspan="1">1672466572242</td><td rowspan="1">13175</td></tr><tr class="passedeven"><td rowspan="4">testCases.ManageProductTestCases</td><td><a href="#m23">verifyTheColorOfStyleBtn</a></td><td rowspan="1">1672466652371</td><td rowspan="1">3458</td></tr><tr class="passedeven"><td><a href="#m24">verifyTheImageFileIsSelected</a></td><td rowspan="1">1672466597300</td><td rowspan="1">8433</td></tr><tr class="passedeven"><td><a href="#m25">verifyTheStockRadioBtnIsSelected</a></td><td rowspan="1">1672466630537</td><td rowspan="1">3503</td></tr><tr class="passedeven"><td><a href="#m26">verifyTheVegRadioButtonIsSelected</a></td><td rowspan="1">1672466608686</td><td rowspan="1">3657</td></tr><tr class="passedodd"><td rowspan="3">testCases.MobileSliderTestCases</td><td><a href="#m27">verifyMobileSliderTitleIsDisplayedCorrectly</a></td><td rowspan="1">1672466658410</td><td rowspan="1">1965</td></tr><tr class="passedodd"><td><a href="#m28">verifyTheImageIsDisplayed</a></td><td rowspan="1">1672466662654</td><td rowspan="1">2078</td></tr><tr class="passedodd"><td><a href="#m29">verifyTheStatusOfItem</a></td><td rowspan="1">1672466682974</td><td rowspan="1">1958</td></tr><tr class="passedeven"><td rowspan="5">testCases.PushNotificationsTestCases</td><td><a href="#m30">verifyBackGroundColorOfAlertBox</a></td><td rowspan="1">1672466711014</td><td rowspan="1">3072</td></tr><tr class="passedeven"><td><a href="#m31">verifyColorOfSendBtn</a></td><td rowspan="1">1672466707388</td><td rowspan="1">1511</td></tr><tr class="passedeven"><td><a href="#m32">verifyPushNotificationTitleDisplayedCorrectly</a></td><td rowspan="1">1672466699501</td><td rowspan="1">1412</td></tr><tr class="passedeven"><td><a href="#m33">verifyTheAlertMessageDisplayed</a></td><td rowspan="1">1672466716603</td><td rowspan="1">2926</td></tr><tr class="passedeven"><td><a href="#m34">verifyTitleTextBoxHasMandatorySymbol</a></td><td rowspan="1">1672466703072</td><td rowspan="1">1745</td></tr></tbody>
</table>
<h2>My Test</h2><h3 id="m0">testCases.LoginTestCase#verifyLoggedUsersWithDataProvider</h3><table class="result"><tr class="param"><th>Parameter #1</th><th>Parameter #2</th></tr><tr class="param stripe"><td>admin4</td><td>admin4</td></tr><tr><th colspan="2">Exception</th></tr><tr><td colspan="2"><div class="stacktrace">org.openqa.selenium.NoSuchElementException: no such element: Unable to locate element: {&quot;method&quot;:&quot;xpath&quot;,&quot;selector&quot;:&quot;//a[@data-toggle=&apos;dropdown&apos;]&quot;}
  (Session info: chrome=108.0.5359.125)
For documentation on this error, please visit: https://selenium.dev/exceptions/#no_such_element
Build info: version: &apos;4.4.0&apos;, revision: &apos;e5c75ed026a&apos;
System info: host: &apos;DESKTOP-J2S3UT7&apos;, ip: &apos;192.168.1.15&apos;, os.name: &apos;Windows 10&apos;, os.arch: &apos;amd64&apos;, os.version: &apos;10.0&apos;, java.version: &apos;18.0.2.1&apos;
Driver info: org.openqa.selenium.chrome.ChromeDriver
Command: [50c559d57f1c1f94f6e7bae64c1b2f64, findElement {using=xpath, value=//a[@data-toggle=&apos;dropdown&apos;]}]
Capabilities {acceptInsecureCerts: false, browserName: chrome, browserVersion: 108.0.5359.125, chrome: {chromedriverVersion: 108.0.5359.71 (1e0e3868ee06..., userDataDir: C:\Users\user\AppData\Local...}, goog:chromeOptions: {debuggerAddress: localhost:58768}, networkConnectionEnabled: false, pageLoadStrategy: normal, platformName: WINDOWS, proxy: Proxy(), se:cdp: ws://localhost:58768/devtoo..., se:cdpVersion: 108.0.5359.125, setWindowRect: true, strictFileInteractability: false, timeouts: {implicit: 0, pageLoad: 300000, script: 30000}, unhandledPromptBehavior: dismiss and notify, webauthn:extension:credBlob: true, webauthn:extension:largeBlob: true, webauthn:virtualAuthenticators: true}
Session ID: 50c559d57f1c1f94f6e7bae64c1b2f64
	at org.openqa.selenium.remote.codec.w3c.W3CHttpResponseCodec.createException(W3CHttpResponseCodec.java:200)
	at org.openqa.selenium.remote.codec.w3c.W3CHttpResponseCodec.decode(W3CHttpResponseCodec.java:133)
	at org.openqa.selenium.remote.codec.w3c.W3CHttpResponseCodec.decode(W3CHttpResponseCodec.java:53)
	at org.openqa.selenium.remote.HttpCommandExecutor.execute(HttpCommandExecutor.java:184)
	at org.openqa.selenium.remote.service.DriverCommandExecutor.invokeExecute(DriverCommandExecutor.java:167)
	at org.openqa.selenium.remote.service.DriverCommandExecutor.execute(DriverCommandExecutor.java:142)
	at org.openqa.selenium.remote.RemoteWebDriver.execute(RemoteWebDriver.java:547)
	at org.openqa.selenium.remote.ElementLocation$ElementFinder$2.findElement(ElementLocation.java:162)
	at org.openqa.selenium.remote.ElementLocation.findElement(ElementLocation.java:60)
	at org.openqa.selenium.remote.RemoteWebDriver.findElement(RemoteWebDriver.java:365)
	at org.openqa.selenium.remote.RemoteWebDriver.findElement(RemoteWebDriver.java:357)
	at org.openqa.selenium.support.pagefactory.DefaultElementLocator.findElement(DefaultElementLocator.java:70)
	at org.openqa.selenium.support.pagefactory.internal.LocatingElementHandler.invoke(LocatingElementHandler.java:39)
	at jdk.proxy2/jdk.proxy2.$Proxy19.getText(Unknown Source)
	at utilities.GeneralUtilities.getElementText(GeneralUtilities.java:17)
	at elementRepository.LoginPage.profileVerification(LoginPage.java:60)
	at testCases.LoginTestCase.verifyLoggedUsersWithDataProvider(LoginTestCase.java:54)
	at java.base/java.util.ArrayList.forEach(ArrayList.java:1511)
... Removed 28 stack frames</div></td></tr></table><p class="totop"><a href="#summary">back to summary</a></p>
<h3 id="m1">testCases.LoginTestCase#verifyLoggedUsersWithDataProvider</h3><table class="result"><tr class="param"><th>Parameter #1</th><th>Parameter #2</th></tr><tr class="param stripe"><td>admin</td><td>admin2</td></tr><tr><th colspan="2">Exception</th></tr><tr><td colspan="2"><div class="stacktrace">org.openqa.selenium.NoSuchElementException: no such element: Unable to locate element: {&quot;method&quot;:&quot;xpath&quot;,&quot;selector&quot;:&quot;//a[@data-toggle=&apos;dropdown&apos;]&quot;}
  (Session info: chrome=108.0.5359.125)
For documentation on this error, please visit: https://selenium.dev/exceptions/#no_such_element
Build info: version: &apos;4.4.0&apos;, revision: &apos;e5c75ed026a&apos;
System info: host: &apos;DESKTOP-J2S3UT7&apos;, ip: &apos;192.168.1.15&apos;, os.name: &apos;Windows 10&apos;, os.arch: &apos;amd64&apos;, os.version: &apos;10.0&apos;, java.version: &apos;18.0.2.1&apos;
Driver info: org.openqa.selenium.chrome.ChromeDriver
Command: [490bc95c4c51a1b3f15e8884bce30ba1, findElement {using=xpath, value=//a[@data-toggle=&apos;dropdown&apos;]}]
Capabilities {acceptInsecureCerts: false, browserName: chrome, browserVersion: 108.0.5359.125, chrome: {chromedriverVersion: 108.0.5359.71 (1e0e3868ee06..., userDataDir: C:\Users\user\AppData\Local...}, goog:chromeOptions: {debuggerAddress: localhost:58788}, networkConnectionEnabled: false, pageLoadStrategy: normal, platformName: WINDOWS, proxy: Proxy(), se:cdp: ws://localhost:58788/devtoo..., se:cdpVersion: 108.0.5359.125, setWindowRect: true, strictFileInteractability: false, timeouts: {implicit: 0, pageLoad: 300000, script: 30000}, unhandledPromptBehavior: dismiss and notify, webauthn:extension:credBlob: true, webauthn:extension:largeBlob: true, webauthn:virtualAuthenticators: true}
Session ID: 490bc95c4c51a1b3f15e8884bce30ba1
	at org.openqa.selenium.remote.codec.w3c.W3CHttpResponseCodec.createException(W3CHttpResponseCodec.java:200)
	at org.openqa.selenium.remote.codec.w3c.W3CHttpResponseCodec.decode(W3CHttpResponseCodec.java:133)
	at org.openqa.selenium.remote.codec.w3c.W3CHttpResponseCodec.decode(W3CHttpResponseCodec.java:53)
	at org.openqa.selenium.remote.HttpCommandExecutor.execute(HttpCommandExecutor.java:184)
	at org.openqa.selenium.remote.service.DriverCommandExecutor.invokeExecute(DriverCommandExecutor.java:167)
	at org.openqa.selenium.remote.service.DriverCommandExecutor.execute(DriverCommandExecutor.java:142)
	at org.openqa.selenium.remote.RemoteWebDriver.execute(RemoteWebDriver.java:547)
	at org.openqa.selenium.remote.ElementLocation$ElementFinder$2.findElement(ElementLocation.java:162)
	at org.openqa.selenium.remote.ElementLocation.findElement(ElementLocation.java:60)
	at org.openqa.selenium.remote.RemoteWebDriver.findElement(RemoteWebDriver.java:365)
	at org.openqa.selenium.remote.RemoteWebDriver.findElement(RemoteWebDriver.java:357)
	at org.openqa.selenium.support.pagefactory.DefaultElementLocator.findElement(DefaultElementLocator.java:70)
	at org.openqa.selenium.support.pagefactory.internal.LocatingElementHandler.invoke(LocatingElementHandler.java:39)
	at jdk.proxy2/jdk.proxy2.$Proxy19.getText(Unknown Source)
	at utilities.GeneralUtilities.getElementText(GeneralUtilities.java:17)
	at elementRepository.LoginPage.profileVerification(LoginPage.java:60)
	at testCases.LoginTestCase.verifyLoggedUsersWithDataProvider(LoginTestCase.java:54)
	at java.base/java.util.ArrayList.forEach(ArrayList.java:1511)
... Removed 28 stack frames</div></td></tr></table><p class="totop"><a href="#summary">back to summary</a></p>
<h3 id="m2">testCases.LoginTestCase#verifyLoggedUsersWithDataProvider</h3><table class="result"><tr class="param"><th>Parameter #1</th><th>Parameter #2</th></tr><tr class="param stripe"><td>admin54</td><td>admin</td></tr><tr><th colspan="2">Exception</th></tr><tr><td colspan="2"><div class="stacktrace">org.openqa.selenium.NoSuchElementException: no such element: Unable to locate element: {&quot;method&quot;:&quot;xpath&quot;,&quot;selector&quot;:&quot;//a[@data-toggle=&apos;dropdown&apos;]&quot;}
  (Session info: chrome=108.0.5359.125)
For documentation on this error, please visit: https://selenium.dev/exceptions/#no_such_element
Build info: version: &apos;4.4.0&apos;, revision: &apos;e5c75ed026a&apos;
System info: host: &apos;DESKTOP-J2S3UT7&apos;, ip: &apos;192.168.1.15&apos;, os.name: &apos;Windows 10&apos;, os.arch: &apos;amd64&apos;, os.version: &apos;10.0&apos;, java.version: &apos;18.0.2.1&apos;
Driver info: org.openqa.selenium.chrome.ChromeDriver
Command: [aa1a8713e3c566cf890ee7661dacff2f, findElement {using=xpath, value=//a[@data-toggle=&apos;dropdown&apos;]}]
Capabilities {acceptInsecureCerts: false, browserName: chrome, browserVersion: 108.0.5359.125, chrome: {chromedriverVersion: 108.0.5359.71 (1e0e3868ee06..., userDataDir: C:\Users\user\AppData\Local...}, goog:chromeOptions: {debuggerAddress: localhost:58737}, networkConnectionEnabled: false, pageLoadStrategy: normal, platformName: WINDOWS, proxy: Proxy(), se:cdp: ws://localhost:58737/devtoo..., se:cdpVersion: 108.0.5359.125, setWindowRect: true, strictFileInteractability: false, timeouts: {implicit: 0, pageLoad: 300000, script: 30000}, unhandledPromptBehavior: dismiss and notify, webauthn:extension:credBlob: true, webauthn:extension:largeBlob: true, webauthn:virtualAuthenticators: true}
Session ID: aa1a8713e3c566cf890ee7661dacff2f
	at org.openqa.selenium.remote.codec.w3c.W3CHttpResponseCodec.createException(W3CHttpResponseCodec.java:200)
	at org.openqa.selenium.remote.codec.w3c.W3CHttpResponseCodec.decode(W3CHttpResponseCodec.java:133)
	at org.openqa.selenium.remote.codec.w3c.W3CHttpResponseCodec.decode(W3CHttpResponseCodec.java:53)
	at org.openqa.selenium.remote.HttpCommandExecutor.execute(HttpCommandExecutor.java:184)
	at org.openqa.selenium.remote.service.DriverCommandExecutor.invokeExecute(DriverCommandExecutor.java:167)
	at org.openqa.selenium.remote.service.DriverCommandExecutor.execute(DriverCommandExecutor.java:142)
	at org.openqa.selenium.remote.RemoteWebDriver.execute(RemoteWebDriver.java:547)
	at org.openqa.selenium.remote.ElementLocation$ElementFinder$2.findElement(ElementLocation.java:162)
	at org.openqa.selenium.remote.ElementLocation.findElement(ElementLocation.java:60)
	at org.openqa.selenium.remote.RemoteWebDriver.findElement(RemoteWebDriver.java:365)
	at org.openqa.selenium.remote.RemoteWebDriver.findElement(RemoteWebDriver.java:357)
	at org.openqa.selenium.support.pagefactory.DefaultElementLocator.findElement(DefaultElementLocator.java:70)
	at org.openqa.selenium.support.pagefactory.internal.LocatingElementHandler.invoke(LocatingElementHandler.java:39)
	at jdk.proxy2/jdk.proxy2.$Proxy19.getText(Unknown Source)
	at utilities.GeneralUtilities.getElementText(GeneralUtilities.java:17)
	at elementRepository.LoginPage.profileVerification(LoginPage.java:60)
	at testCases.LoginTestCase.verifyLoggedUsersWithDataProvider(LoginTestCase.java:54)
	at java.base/java.util.ArrayList.forEach(ArrayList.java:1511)
... Removed 28 stack frames</div></td></tr></table><p class="totop"><a href="#summary">back to summary</a></p>
<h3 id="m3">testCases.ManageLocationTestCases#verifyTheNumberOfActiveStatus</h3><table class="result"><tr><th>Exception</th></tr><tr><td><div class="stacktrace">java.lang.AssertionError: Count is not as expected expected [15] but found [14]
	at testCases.ManageLocationTestCases.verifyTheNumberOfActiveStatus(ManageLocationTestCases.java:22)
	at java.base/java.util.ArrayList.forEach(ArrayList.java:1511)
... Removed 30 stack frames</div></td></tr></table><p class="totop"><a href="#summary">back to summary</a></p>
<h3 id="m4">testCases.ManageOrdersTestCases#verifyOrderIdAndModeOfPayment</h3><table class="result"><tr><th>Exception</th></tr><tr><td><div class="stacktrace">java.lang.AssertionError: The following asserts failed:
	Order Id is not as expected expected [363] but found [352],
	Text Error expected [COD] but found [Bank]
	at testCases.ManageOrdersTestCases.verifyOrderIdAndModeOfPayment(ManageOrdersTestCases.java:49)
	at java.base/java.util.ArrayList.forEach(ArrayList.java:1511)
... Removed 27 stack frames</div></td></tr></table><p class="totop"><a href="#summary">back to summary</a></p>
<h3 id="m5">testCases.AdminUsersTestCases#validateAdminProfileAlreadyExists</h3><table class="result"><tr><th class="invisible"/></tr></table><p class="totop"><a href="#summary">back to summary</a></p>
<h3 id="m6">testCases.AdminUsersTestCases#validateAdminProfileWithFaker</h3><table class="result"><tr><th class="invisible"/></tr></table><p class="totop"><a href="#summary">back to summary</a></p>
<h3 id="m7">testCases.DashboardTestCase#homeTabStyleValidation</h3><table class="result"><tr><th class="invisible"/></tr></table><p class="totop"><a href="#summary">back to summary</a></p>
<h3 id="m8">testCases.DashboardTestCase#verifyManageExpenseIsDisplayedCorrectly</h3><table class="result"><tr><th class="invisible"/></tr></table><p class="totop"><a href="#summary">back to summary</a></p>
<h3 id="m9">testCases.DashboardTestCase#verifyManageUsersIsDisplayedCorrectly</h3><table class="result"><tr><th class="invisible"/></tr></table><p class="totop"><a href="#summary">back to summary</a></p>
<h3 id="m10">testCases.LoginTestCase#excelReadLogin</h3><table class="result"><tr><th class="invisible"/></tr></table><p class="totop"><a href="#summary">back to summary</a></p>
<h3 id="m11">testCases.LoginTestCase#profileNameStyleValidation</h3><table class="result"><tr><th class="invisible"/></tr></table><p class="totop"><a href="#summary">back to summary</a></p>
<h3 id="m12">testCases.LoginTestCase#verifyLoggedUsers</h3><table class="result"><tr><th class="invisible"/></tr></table><p class="totop"><a href="#summary">back to summary</a></p>
<h3 id="m13">testCases.LoginTestCase#verifyLoggedUsersWithDataProvider</h3><table class="result"><tr class="param"><th>Parameter #1</th><th>Parameter #2</th></tr><tr class="param stripe"><td>admin</td><td>admin</td></tr></table><p class="totop"><a href="#summary">back to summary</a></p>
<h3 id="m14">testCases.LoginTestCase#verifyRememberMeCheckBoxIsSelected</h3><table class="result"><tr><th class="invisible"/></tr></table><p class="totop"><a href="#summary">back to summary</a></p>
<h3 id="m15">testCases.ManageDeliveryBoyTestCases#verifySearchButtonIsClickable</h3><table class="result"><tr><th class="invisible"/></tr></table><p class="totop"><a href="#summary">back to summary</a></p>
<h3 id="m16">testCases.ManageDeliveryBoyTestCases#verifySuccessfullDeletionOfDeliveryBoy</h3><table class="result"><tr><th class="invisible"/></tr></table><p class="totop"><a href="#summary">back to summary</a></p>
<h3 id="m17">testCases.ManageDeliveryBoyTestCases#verifySuccessfullRegistrationOfDeliveryBoy</h3><table class="result"><tr><th class="invisible"/></tr></table><p class="totop"><a href="#summary">back to summary</a></p>
<h3 id="m18">testCases.ManageDeliveryBoyTestCases#verifyTheStyleOfNewBtn</h3><table class="result"><tr><th class="invisible"/></tr></table><p class="totop"><a href="#summary">back to summary</a></p>
<h3 id="m19">testCases.ManageDeliveryBoyTestCases#verifyToolTipTextIsDisplayedCorrectly</h3><table class="result"><tr><th class="invisible"/></tr></table><p class="totop"><a href="#summary">back to summary</a></p>
<h3 id="m20">testCases.ManageLocationTestCases#verifyTheSelectedState</h3><table class="result"><tr><th class="invisible"/></tr></table><p class="totop"><a href="#summary">back to summary</a></p>
<h3 id="m21">testCases.ManageOrdersTestCases#verifyTheSizeOfStatusDropdown</h3><table class="result"><tr><th class="invisible"/></tr></table><p class="totop"><a href="#summary">back to summary</a></p>
<h3 id="m22">testCases.ManageOrdersTestCases#verifyThevaluesOfColumnpaymentModeIsBank</h3><table class="result"><tr><th class="invisible"/></tr></table><p class="totop"><a href="#summary">back to summary</a></p>
<h3 id="m23">testCases.ManageProductTestCases#verifyTheColorOfStyleBtn</h3><table class="result"><tr><th class="invisible"/></tr></table><p class="totop"><a href="#summary">back to summary</a></p>
<h3 id="m24">testCases.ManageProductTestCases#verifyTheImageFileIsSelected</h3><table class="result"><tr><th class="invisible"/></tr></table><p class="totop"><a href="#summary">back to summary</a></p>
<h3 id="m25">testCases.ManageProductTestCases#verifyTheStockRadioBtnIsSelected</h3><table class="result"><tr><th class="invisible"/></tr></table><p class="totop"><a href="#summary">back to summary</a></p>
<h3 id="m26">testCases.ManageProductTestCases#verifyTheVegRadioButtonIsSelected</h3><table class="result"><tr><th class="invisible"/></tr></table><p class="totop"><a href="#summary">back to summary</a></p>
<h3 id="m27">testCases.MobileSliderTestCases#verifyMobileSliderTitleIsDisplayedCorrectly</h3><table class="result"><tr><th class="invisible"/></tr></table><p class="totop"><a href="#summary">back to summary</a></p>
<h3 id="m28">testCases.MobileSliderTestCases#verifyTheImageIsDisplayed</h3><table class="result"><tr><th class="invisible"/></tr></table><p class="totop"><a href="#summary">back to summary</a></p>
<h3 id="m29">testCases.MobileSliderTestCases#verifyTheStatusOfItem</h3><table class="result"><tr><th class="invisible"/></tr></table><p class="totop"><a href="#summary">back to summary</a></p>
<h3 id="m30">testCases.PushNotificationsTestCases#verifyBackGroundColorOfAlertBox</h3><table class="result"><tr><th class="invisible"/></tr></table><p class="totop"><a href="#summary">back to summary</a></p>
<h3 id="m31">testCases.PushNotificationsTestCases#verifyColorOfSendBtn</h3><table class="result"><tr><th class="invisible"/></tr></table><p class="totop"><a href="#summary">back to summary</a></p>
<h3 id="m32">testCases.PushNotificationsTestCases#verifyPushNotificationTitleDisplayedCorrectly</h3><table class="result"><tr><th class="invisible"/></tr></table><p class="totop"><a href="#summary">back to summary</a></p>
<h3 id="m33">testCases.PushNotificationsTestCases#verifyTheAlertMessageDisplayed</h3><table class="result"><tr><th class="invisible"/></tr></table><p class="totop"><a href="#summary">back to summary</a></p>
<h3 id="m34">testCases.PushNotificationsTestCases#verifyTitleTextBoxHasMandatorySymbol</h3><table class="result"><tr><th class="invisible"/></tr></table><p class="totop"><a href="#summary">back to summary</a></p>
</body>
</html>
